This is pdfTeX, Version 3.14159265-2.6-1.40.18 (TeX Live 2017/Arch Linux) (preloaded format=pdflatex 2017.11.16)  12 DEC 2017 23:52
entering extended mode
 restricted \write18 enabled.
 file:line:error style messages enabled.
 %&-line parsing enabled.
**main.tex
(./main.tex
LaTeX2e <2017-04-15>
Babel <3.15> and hyphenation patterns for 84 language(s) loaded.
(./IEEEtran.cls
Document Class: IEEEtran 2012/11/21 V1.8c by Harald Hanche-Olsen and Anders Christensen
-- Based on V1.7a by Michael Shell
-- See the "IEEEtran_HOWTO" manual for usage information.
-- http://www.michaelshell.org/tex/ieeetran/
\@IEEEtrantmpdimenA=\dimen102
\@IEEEtrantmpdimenB=\dimen103
\@IEEEtrantmpcountA=\count79
\@IEEEtrantmpcountB=\count80
\@IEEEtrantmptoksA=\toks14
LaTeX Font Info:    Try loading font information for OT1+ptm on input line 373.
(/usr/share/texmf-dist/tex/latex/psnfss/ot1ptm.fd
File: ot1ptm.fd 2001/06/04 font definitions for OT1/ptm.
)
-- Using 8.5in x 11in (letter) paper.
-- Using PDF output.
\@IEEEnormalsizeunitybaselineskip=\dimen104
-- This is a 10 point document.
\CLASSINFOnormalsizebaselineskip=\dimen105
\CLASSINFOnormalsizeunitybaselineskip=\dimen106
\IEEEnormaljot=\dimen107
LaTeX Font Info:    Font shape `OT1/ptm/bx/n' in size <5> not available
(Font)              Font shape `OT1/ptm/b/n' tried instead on input line 731.
LaTeX Font Info:    Font shape `OT1/ptm/bx/it' in size <5> not available
(Font)              Font shape `OT1/ptm/b/it' tried instead on input line 731.
LaTeX Font Info:    Font shape `OT1/ptm/bx/n' in size <7> not available
(Font)              Font shape `OT1/ptm/b/n' tried instead on input line 731.
LaTeX Font Info:    Font shape `OT1/ptm/bx/it' in size <7> not available
(Font)              Font shape `OT1/ptm/b/it' tried instead on input line 731.
LaTeX Font Info:    Font shape `OT1/ptm/bx/n' in size <8> not available
(Font)              Font shape `OT1/ptm/b/n' tried instead on input line 731.
LaTeX Font Info:    Font shape `OT1/ptm/bx/it' in size <8> not available
(Font)              Font shape `OT1/ptm/b/it' tried instead on input line 731.
LaTeX Font Info:    Font shape `OT1/ptm/bx/n' in size <9> not available
(Font)              Font shape `OT1/ptm/b/n' tried instead on input line 731.
LaTeX Font Info:    Font shape `OT1/ptm/bx/it' in size <9> not available
(Font)              Font shape `OT1/ptm/b/it' tried instead on input line 731.
LaTeX Font Info:    Font shape `OT1/ptm/bx/n' in size <10> not available
(Font)              Font shape `OT1/ptm/b/n' tried instead on input line 731.
LaTeX Font Info:    Font shape `OT1/ptm/bx/it' in size <10> not available
(Font)              Font shape `OT1/ptm/b/it' tried instead on input line 731.
LaTeX Font Info:    Font shape `OT1/ptm/bx/n' in size <11> not available
(Font)              Font shape `OT1/ptm/b/n' tried instead on input line 731.
LaTeX Font Info:    Font shape `OT1/ptm/bx/it' in size <11> not available
(Font)              Font shape `OT1/ptm/b/it' tried instead on input line 731.
LaTeX Font Info:    Font shape `OT1/ptm/bx/n' in size <12> not available
(Font)              Font shape `OT1/ptm/b/n' tried instead on input line 731.
LaTeX Font Info:    Font shape `OT1/ptm/bx/it' in size <12> not available
(Font)              Font shape `OT1/ptm/b/it' tried instead on input line 731.
LaTeX Font Info:    Font shape `OT1/ptm/bx/n' in size <17> not available
(Font)              Font shape `OT1/ptm/b/n' tried instead on input line 731.
LaTeX Font Info:    Font shape `OT1/ptm/bx/it' in size <17> not available
(Font)              Font shape `OT1/ptm/b/it' tried instead on input line 731.
LaTeX Font Info:    Font shape `OT1/ptm/bx/n' in size <20> not available
(Font)              Font shape `OT1/ptm/b/n' tried instead on input line 731.
LaTeX Font Info:    Font shape `OT1/ptm/bx/it' in size <20> not available
(Font)              Font shape `OT1/ptm/b/it' tried instead on input line 731.
LaTeX Font Info:    Font shape `OT1/ptm/bx/n' in size <24> not available
(Font)              Font shape `OT1/ptm/b/n' tried instead on input line 731.
LaTeX Font Info:    Font shape `OT1/ptm/bx/it' in size <24> not available
(Font)              Font shape `OT1/ptm/b/it' tried instead on input line 731.
\IEEEilabelindentA=\dimen108
\IEEEilabelindentB=\dimen109
\IEEEilabelindent=\dimen110
\IEEEelabelindent=\dimen111
\IEEEdlabelindent=\dimen112
\IEEElabelindent=\dimen113
\IEEEiednormlabelsep=\dimen114
\IEEEiedmathlabelsep=\dimen115
\IEEEiedtopsep=\skip41
\c@section=\count81
\c@subsection=\count82
\c@subsubsection=\count83
\c@paragraph=\count84
\c@IEEEsubequation=\count85
\abovecaptionskip=\skip42
\belowcaptionskip=\skip43
\c@figure=\count86
\c@table=\count87
\@IEEEeqnnumcols=\count88
\@IEEEeqncolcnt=\count89
\@IEEEtmpitemindent=\dimen116
\c@IEEEbiography=\count90
\@IEEEtranrubishbin=\box26
) (/usr/share/texmf-dist/tex/latex/blindtext/blindtext.sty
Package: blindtext 2012/01/06 V2.0 blindtext-Package
 (/usr/share/texmf-dist/tex/latex/tools/xspace.sty
Package: xspace 2014/10/28 v1.13 Space after command names (DPC,MH)
)
\c@blindtext=\count91
\c@Blindtext=\count92
\c@blind@countparstart=\count93
\blind@countxx=\count94
\blindtext@numBlindtext=\count95
\blind@countyy=\count96
\c@blindlist=\count97
\c@blindlistlevel=\count98
\c@blindlist@level=\count99
\blind@listitem=\count100
\c@blind@listcount=\count101
\c@blind@levelcount=\count102
\blind@mathformula=\count103
\blind@Mathformula=\count104
\c@blind@randomcount=\count105
\c@blind@randommax=\count106
\c@blind@pangramcount=\count107
\c@blind@pangrammax=\count108
) (/usr/share/texmf-dist/tex/latex/graphics/graphicx.sty
Package: graphicx 2017/06/01 v1.1a Enhanced LaTeX Graphics (DPC,SPQR)
 (/usr/share/texmf-dist/tex/latex/graphics/keyval.sty
Package: keyval 2014/10/28 v1.15 key=value parser (DPC)
\KV@toks@=\toks15
) (/usr/share/texmf-dist/tex/latex/graphics/graphics.sty
Package: graphics 2017/06/25 v1.2c Standard LaTeX Graphics (DPC,SPQR)
 (/usr/share/texmf-dist/tex/latex/graphics/trig.sty
Package: trig 2016/01/03 v1.10 sin cos tan (DPC)
) (/usr/share/texmf-dist/tex/latex/graphics-cfg/graphics.cfg
File: graphics.cfg 2016/06/04 v1.11 sample graphics configuration
)
Package graphics Info: Driver file: pdftex.def on input line 99.
 (/usr/share/texmf-dist/tex/latex/graphics-def/pdftex.def
File: pdftex.def 2017/06/24 v1.0g Graphics/color driver for pdftex
))
\Gin@req@height=\dimen117
\Gin@req@width=\dimen118
) (./main.aux)
\openout1 = `main.aux'.

LaTeX Font Info:    Checking defaults for OML/cmm/m/it on input line 388.
LaTeX Font Info:    ... okay on input line 388.
LaTeX Font Info:    Checking defaults for T1/cmr/m/n on input line 388.
LaTeX Font Info:    ... okay on input line 388.
LaTeX Font Info:    Checking defaults for OT1/cmr/m/n on input line 388.
LaTeX Font Info:    ... okay on input line 388.
LaTeX Font Info:    Checking defaults for OMS/cmsy/m/n on input line 388.
LaTeX Font Info:    ... okay on input line 388.
LaTeX Font Info:    Checking defaults for OMX/cmex/m/n on input line 388.
LaTeX Font Info:    ... okay on input line 388.
LaTeX Font Info:    Checking defaults for U/cmr/m/n on input line 388.
LaTeX Font Info:    ... okay on input line 388.
 (/usr/share/texmf-dist/tex/context/base/mkii/supp-pdf.mkii
[Loading MPS to PDF converter (version 2006.09.02).]
\scratchcounter=\count109
\scratchdimen=\dimen119
\scratchbox=\box27
\nofMPsegments=\count110
\nofMParguments=\count111
\everyMPshowfont=\toks16
\MPscratchCnt=\count112
\MPscratchDim=\dimen120
\MPnumerator=\count113
\makeMPintoPDFobject=\count114
\everyMPtoPDFconversion=\toks17
) (/usr/share/texmf-dist/tex/latex/oberdiek/epstopdf-base.sty
Package: epstopdf-base 2016/05/15 v2.6 Base part for package epstopdf
 (/usr/share/texmf-dist/tex/generic/oberdiek/infwarerr.sty
Package: infwarerr 2016/05/16 v1.4 Providing info/warning/error messages (HO)
) (/usr/share/texmf-dist/tex/latex/oberdiek/grfext.sty
Package: grfext 2016/05/16 v1.2 Manage graphics extensions (HO)
 (/usr/share/texmf-dist/tex/generic/oberdiek/kvdefinekeys.sty
Package: kvdefinekeys 2016/05/16 v1.4 Define keys (HO)
 (/usr/share/texmf-dist/tex/generic/oberdiek/ltxcmds.sty
Package: ltxcmds 2016/05/16 v1.23 LaTeX kernel commands for general use (HO)
))) (/usr/share/texmf-dist/tex/latex/oberdiek/kvoptions.sty
Package: kvoptions 2016/05/16 v3.12 Key value format for package options (HO)
 (/usr/share/texmf-dist/tex/generic/oberdiek/kvsetkeys.sty
Package: kvsetkeys 2016/05/16 v1.17 Key value parser (HO)
 (/usr/share/texmf-dist/tex/generic/oberdiek/etexcmds.sty
Package: etexcmds 2016/05/16 v1.6 Avoid name clashes with e-TeX commands (HO)
 (/usr/share/texmf-dist/tex/generic/oberdiek/ifluatex.sty
Package: ifluatex 2016/05/16 v1.4 Provides the ifluatex switch (HO)
Package ifluatex Info: LuaTeX not detected.
)
Package etexcmds Info: Could not find \expanded.
(etexcmds)             That can mean that you are not using pdfTeX 1.50 or
(etexcmds)             that some package has redefined \expanded.
(etexcmds)             In the latter case, load this package earlier.
))) (/usr/share/texmf-dist/tex/generic/oberdiek/pdftexcmds.sty
Package: pdftexcmds 2017/03/19 v0.25 Utility functions of pdfTeX for LuaTeX (HO)
 (/usr/share/texmf-dist/tex/generic/oberdiek/ifpdf.sty
Package: ifpdf 2017/03/15 v3.2 Provides the ifpdf switch
)
Package pdftexcmds Info: LuaTeX not detected.
Package pdftexcmds Info: \pdf@primitive is available.
Package pdftexcmds Info: \pdf@ifprimitive is available.
Package pdftexcmds Info: \pdfdraftmode found.
)
Package epstopdf-base Info: Redefining graphics rule for `.eps' on input line 438.
Package grfext Info: Graphics extension search list:
(grfext)             [.pdf,.png,.jpg,.mps,.jpeg,.jbig2,.jb2,.PDF,.PNG,.JPG,.JPEG,.JBIG2,.JB2,.eps]
(grfext)             \AppendGraphicsExtensions on input line 456.
 (/usr/share/texmf-dist/tex/latex/latexconfig/epstopdf-sys.cfg
File: epstopdf-sys.cfg 2010/07/13 v1.3 Configuration of (r)epstopdf for TeX Live
))
Runaway argument?
./main.tex:435: Paragraph ended before \markboth was complete.
<to be read again> 
                   \par 
l.435 
      
I suspect you've forgotten a `}', causing me to apply this
control sequence to too much text. How can we recover?
My plan is to forget the whole thing and hope for the best.

./main.tex:493: Undefined control sequence.
l.493 \tab
           This study focuses on classification of two sets of images: the M...
The control sequence at the end of the top line
of your error message was never \def'ed. If you have
misspelled it (e.g., `\hobx'), type `I' and the correct
spelling (e.g., `I\hbox'). Otherwise just continue,
and I'll forget about whatever was undefined.

./main.tex:495: Undefined control sequence.
l.495 \tab
           The following optimization algorithms will be applied on the said...
The control sequence at the end of the top line
of your error message was never \def'ed. If you have
misspelled it (e.g., `\hobx'), type `I' and the correct
spelling (e.g., `I\hbox'). Otherwise just continue,
and I'll forget about whatever was undefined.

LaTeX Font Info:    External font `cmex10' loaded for size
(Font)              <7> on input line 497.
LaTeX Font Info:    External font `cmex10' loaded for size
(Font)              <5> on input line 497.
./main.tex:512: Undefined control sequence.
\norm #1->\left \lVert 
                       #1\right \rVert 
l.512 ...{x}_j) =\norm{ \mathbf{x}_i-\mathbf{x}_j}
                                                  _2 = \sqrt{(\mathbf{x}_i-\...
The control sequence at the end of the top line
of your error message was never \def'ed. If you have
misspelled it (e.g., `\hobx'), type `I' and the correct
spelling (e.g., `I\hbox'). Otherwise just continue,
and I'll forget about whatever was undefined.

./main.tex:512: Missing delimiter (. inserted).
<to be read again> 
                   \math@bgroup 
l.512 ...{x}_j) =\norm{ \mathbf{x}_i-\mathbf{x}_j}
                                                  _2 = \sqrt{(\mathbf{x}_i-\...
I was expecting to see something like `(' or `\{' or
`\}' here. If you typed, e.g., `{' instead of `\{', you
should probably delete the `{' by typing `1' now, so that
braces don't get unbalanced. Otherwise just proceed.
Acceptable delimiters are characters whose \delcode is
nonnegative, or you can use `\delimiter <delimiter code>'.

./main.tex:512: Undefined control sequence.
\norm #1->\left \lVert #1\right \rVert 
                                       
l.512 ...{x}_j) =\norm{ \mathbf{x}_i-\mathbf{x}_j}
                                                  _2 = \sqrt{(\mathbf{x}_i-\...
The control sequence at the end of the top line
of your error message was never \def'ed. If you have
misspelled it (e.g., `\hobx'), type `I' and the correct
spelling (e.g., `I\hbox'). Otherwise just continue,
and I'll forget about whatever was undefined.

./main.tex:512: Missing delimiter (. inserted).
<to be read again> 
                   _
l.512 ...x}_j) =\norm{ \mathbf{x}_i-\mathbf{x}_j}_
                                                  2 = \sqrt{(\mathbf{x}_i-\m...
I was expecting to see something like `(' or `\{' or
`\}' here. If you typed, e.g., `{' instead of `\{', you
should probably delete the `{' by typing `1' now, so that
braces don't get unbalanced. Otherwise just proceed.
Acceptable delimiters are characters whose \delcode is
nonnegative, or you can use `\delimiter <delimiter code>'.

./main.tex:518: Undefined control sequence.
l.518 \tab
           The classification of elements is done the same way as for the Ne...
The control sequence at the end of the top line
of your error message was never \def'ed. If you have
misspelled it (e.g., `\hobx'), type `I' and the correct
spelling (e.g., `I\hbox'). Otherwise just continue,
and I'll forget about whatever was undefined.

[1{/var/lib/texmf/fonts/map/pdftex/updmap/pdftex.map}


]
./main.tex:530: Undefined control sequence.
l.530 \tab
           During the training phase, the weight vectors have to be computed...
The control sequence at the end of the top line
of your error message was never \def'ed. If you have
misspelled it (e.g., `\hobx'), type `I' and the correct
spelling (e.g., `I\hbox'). Otherwise just continue,
and I'll forget about whatever was undefined.

./main.tex:541: Undefined control sequence.
l.541 \tab
           Finally, during the classification phase, the aforementioned func...
The control sequence at the end of the top line
of your error message was never \def'ed. If you have
misspelled it (e.g., `\hobx'), type `I' and the correct
spelling (e.g., `I\hbox'). Otherwise just continue,
and I'll forget about whatever was undefined.

./main.tex:557: Undefined control sequence.
l.557   y_i = \mathbf{W}^\topx
                              _i
The control sequence at the end of the top line
of your error message was never \def'ed. If you have
misspelled it (e.g., `\hobx'), type `I' and the correct
spelling (e.g., `I\hbox'). Otherwise just continue,
and I'll forget about whatever was undefined.

./main.tex:557: Missing { inserted.
<to be read again> 
                   _
l.557   y_i = \mathbf{W}^\topx_
                               i
A left brace was mandatory here, so I've put one in.
You might want to delete and/or insert some corrections
so that I will find a matching right brace soon.
(If you're confused by all this, try typing `I}' now.)

./main.tex:558: You can't use `\eqno' in math mode.
\endequation ->\eqno 
                     \hbox {\@eqnnum }$$\@ignoretrue 
l.558 \end{equation}
                    
Sorry, but I'm not programmed to handle this case;
I'll just pretend that you didn't ask for it.
If you're in the wrong mode, you might be able to
return to the right one by typing `I}' or `I$' or `I\par'.

./main.tex:558: Missing } inserted.
<inserted text> 
                }
l.558 \end{equation}
                    
I've inserted something that you may have forgotten.
(See the <inserted text> above.)
With luck, this will get me unwedged. But if you
really didn't forget anything, try typing `2' now; then
my insertion and my current dilemma will both disappear.

Package epstopdf Info: Source file: <plots/mnist_pca_plot.eps>
(epstopdf)                    date: 2017-12-12 23:04:49
(epstopdf)                    size: 1204269 bytes
(epstopdf)             Output file: <plots/mnist_pca_plot-eps-converted-to.pdf>
(epstopdf)                    date: 2017-12-12 23:41:02
(epstopdf)                    size: 10712 bytes
(epstopdf)             Command: <repstopdf --outfile=plots/mnist_pca_plot-eps-converted-to.pdf plots/mnist_pca_plot.eps>
(epstopdf)             \includegraphics on input line 562.
Package epstopdf Info: Output file is already uptodate.
<plots/mnist_pca_plot-eps-converted-to.pdf, id=18, pagebox=cropbox, 1147.28625pt x 611.28375pt>
File: plots/mnist_pca_plot-eps-converted-to.pdf Graphic file (type pdf)
<use plots/mnist_pca_plot-eps-converted-to.pdf>
Package pdftex.def Info: plots/mnist_pca_plot-eps-converted-to.pdf  used on input line 562. on input line 562.
Package pdftex.def Info: Requested size: 262.04987pt x 139.62225pt on input line 562.

Overfull \hbox (9.0pt too wide) in paragraph at lines 562--562
 [][] 
 []

./main.tex:564: Extra }, or forgotten \endgroup.
\@endfloatbox ...pagefalse \outer@nobreak \egroup 
                                                  \color@endbox 
l.564 \end{figure}
                  
I've deleted a group-closing symbol because it seems to be
spurious, as in `$x}$'. But perhaps the } is legitimate and
you forgot something else, as in `\hbox{$x}'. In such cases
the way to recover is to insert both the forgotten and the
deleted material, e.g., by typing `I$}'.

./main.tex:564: You can't use `\vadjust' in vertical mode.
\end@float ...nalty \@floatpenalty \else \vadjust 
                                                  {\penalty -\@Miv \vbox {}\...
l.564 \end{figure}
                  
Sorry, but I'm not programmed to handle this case;
I'll just pretend that you didn't ask for it.
If you're in the wrong mode, you might be able to
return to the right one by typing `I}' or `I$' or `I\par'.

Package epstopdf Info: Source file: <plots/orl_pca_plot.eps>
(epstopdf)                    date: 2017-12-12 23:04:49
(epstopdf)                    size: 40511 bytes
(epstopdf)             Output file: <plots/orl_pca_plot-eps-converted-to.pdf>
(epstopdf)                    date: 2017-12-12 23:41:02
(epstopdf)                    size: 11079 bytes
(epstopdf)             Command: <repstopdf --outfile=plots/orl_pca_plot-eps-converted-to.pdf plots/orl_pca_plot.eps>
(epstopdf)             \includegraphics on input line 567.
Package epstopdf Info: Output file is already uptodate.
<plots/orl_pca_plot-eps-converted-to.pdf, id=19, pagebox=cropbox, 1151.30125pt x 611.28375pt>
File: plots/orl_pca_plot-eps-converted-to.pdf Graphic file (type pdf)
<use plots/orl_pca_plot-eps-converted-to.pdf>
Package pdftex.def Info: plots/orl_pca_plot-eps-converted-to.pdf  used on input line 567. on input line 567.
Package pdftex.def Info: Requested size: 262.04987pt x 139.13722pt on input line 567.

Overfull \hbox (9.0pt too wide) in paragraph at lines 567--567
 [][] 
 []

./main.tex:569: Extra }, or forgotten \endgroup.
\@endfloatbox ...pagefalse \outer@nobreak \egroup 
                                                  \color@endbox 
l.569 \end{figure}
                  
I've deleted a group-closing symbol because it seems to be
spurious, as in `$x}$'. But perhaps the } is legitimate and
you forgot something else, as in `\hbox{$x}'. In such cases
the way to recover is to insert both the forgotten and the
deleted material, e.g., by typing `I$}'.

./main.tex:575: Undefined control sequence.
l.575 \tab
           The MNIST dataset is composed of 70000 pictures of handwritten di...
The control sequence at the end of the top line
of your error message was never \def'ed. If you have
misspelled it (e.g., `\hobx'), type `I' and the correct
spelling (e.g., `I\hbox'). Otherwise just continue,
and I'll forget about whatever was undefined.

[2 <./plots/mnist_pca_plot-eps-converted-to.pdf> <./plots/orl_pca_plot-eps-converted-to.pdf>]
<mnist_example.png, id=34, 421.575pt x 316.18124pt>
File: mnist_example.png Graphic file (type png)
<use mnist_example.png>
Package pdftex.def Info: mnist_example.png  used on input line 578. on input line 578.
Package pdftex.def Info: Requested size: 262.04987pt x 196.54173pt on input line 578.

Overfull \hbox (9.0pt too wide) in paragraph at lines 578--578
 [][] 
 []

./main.tex:580: Extra }, or forgotten \endgroup.
\@endfloatbox ...pagefalse \outer@nobreak \egroup 
                                                  \color@endbox 
l.580 \end{figure}
                  
I've deleted a group-closing symbol because it seems to be
spurious, as in `$x}$'. But perhaps the } is legitimate and
you forgot something else, as in `\hbox{$x}'. In such cases
the way to recover is to insert both the forgotten and the
deleted material, e.g., by typing `I$}'.

./main.tex:580: You can't use `\vadjust' in vertical mode.
\end@float ...nalty \@floatpenalty \else \vadjust 
                                                  {\penalty -\@Miv \vbox {}\...
l.580 \end{figure}
                  
Sorry, but I'm not programmed to handle this case;
I'll just pretend that you didn't ask for it.
If you're in the wrong mode, you might be able to
return to the right one by typing `I}' or `I$' or `I\par'.

./main.tex:582: Undefined control sequence.
l.582 \tab
           The ORL dataset consists of 400 facial pictures, for it contains ...
The control sequence at the end of the top line
of your error message was never \def'ed. If you have
misspelled it (e.g., `\hobx'), type `I' and the correct
spelling (e.g., `I\hbox'). Otherwise just continue,
and I'll forget about whatever was undefined.

<orl.jpg, id=35, 353.32pt x 64.24pt>
File: orl.jpg Graphic file (type jpg)
<use orl.jpg>
Package pdftex.def Info: orl.jpg  used on input line 585. on input line 585.
Package pdftex.def Info: Requested size: 209.63669pt x 38.11594pt on input line 585.
./main.tex:587: Extra }, or forgotten \endgroup.
\@endfloatbox ...pagefalse \outer@nobreak \egroup 
                                                  \color@endbox 
l.587 \end{figure}
                  
I've deleted a group-closing symbol because it seems to be
spurious, as in `$x}$'. But perhaps the } is legitimate and
you forgot something else, as in `\hbox{$x}'. In such cases
the way to recover is to insert both the forgotten and the
deleted material, e.g., by typing `I$}'.

./main.tex:587: You can't use `\vadjust' in vertical mode.
\end@float ...nalty \@floatpenalty \else \vadjust 
                                                  {\penalty -\@Miv \vbox {}\...
l.587 \end{figure}
                  
Sorry, but I'm not programmed to handle this case;
I'll just pretend that you didn't ask for it.
If you're in the wrong mode, you might be able to
return to the right one by typing `I}' or `I$' or `I\par'.

./main.tex:589: Undefined control sequence.
l.589 \tab
           Each algorithm has been compared by execution time, and success r...
The control sequence at the end of the top line
of your error message was never \def'ed. If you have
misspelled it (e.g., `\hobx'), type `I' and the correct
spelling (e.g., `I\hbox'). Otherwise just continue,
and I'll forget about whatever was undefined.

LaTeX Font Info:    Try loading font information for OMS+ptm on input line 589.
(/usr/share/texmf-dist/tex/latex/psnfss/omsptm.fd
File: omsptm.fd 
)
LaTeX Font Info:    Font shape `OMS/ptm/m/n' in size <10> not available
(Font)              Font shape `OMS/cmsy/m/n' tried instead on input line 589.
Package epstopdf Info: Source file: <plots/fig_ORL.eps>
(epstopdf)                    date: 2017-12-12 23:42:34
(epstopdf)                    size: 18608 bytes
(epstopdf)             Output file: <plots/fig_ORL-eps-converted-to.pdf>
(epstopdf)                    date: 2017-12-12 23:44:15
(epstopdf)                    size: 6554 bytes
(epstopdf)             Command: <repstopdf --outfile=plots/fig_ORL-eps-converted-to.pdf plots/fig_ORL.eps>
(epstopdf)             \includegraphics on input line 593.
Package epstopdf Info: Output file is already uptodate.
<plots/fig_ORL-eps-converted-to.pdf, id=36, pagebox=cropbox, 854.19125pt x 436.63126pt>
File: plots/fig_ORL-eps-converted-to.pdf Graphic file (type pdf)
<use plots/fig_ORL-eps-converted-to.pdf>
Package pdftex.def Info: plots/fig_ORL-eps-converted-to.pdf  used on input line 593. on input line 593.
Package pdftex.def Info: Requested size: 262.04987pt x 133.9485pt on input line 593.

Overfull \hbox (9.0pt too wide) in paragraph at lines 593--593
 [][] 
 []

./main.tex:595: Extra }, or forgotten \endgroup.
\@endfloatbox ...pagefalse \outer@nobreak \egroup 
                                                  \color@endbox 
l.595 \end{figure}
                  
I've deleted a group-closing symbol because it seems to be
spurious, as in `$x}$'. But perhaps the } is legitimate and
you forgot something else, as in `\hbox{$x}'. In such cases
the way to recover is to insert both the forgotten and the
deleted material, e.g., by typing `I$}'.


./main.tex:598: LaTeX Error: There's no line here to end.

See the LaTeX manual or LaTeX Companion for explanation.
Type  H <return>  for immediate help.
 ...                                              
                                                  
l.598 \begin
            {figure}[htbp!]
Your command was ignored.
Type  I <command> <return>  to replace it with another command,
or  <return>  to continue without it.

Package epstopdf Info: Source file: <plots/fig_MNIST.eps>
(epstopdf)                    date: 2017-12-12 23:42:48
(epstopdf)                    size: 18501 bytes
(epstopdf)             Output file: <plots/fig_MNIST-eps-converted-to.pdf>
(epstopdf)                    date: 2017-12-12 23:43:38
(epstopdf)                    size: 6560 bytes
(epstopdf)             Command: <repstopdf --outfile=plots/fig_MNIST-eps-converted-to.pdf plots/fig_MNIST.eps>
(epstopdf)             \includegraphics on input line 600.
Package epstopdf Info: Output file is already uptodate.
<plots/fig_MNIST-eps-converted-to.pdf, id=37, pagebox=cropbox, 859.21pt x 436.63126pt>
File: plots/fig_MNIST-eps-converted-to.pdf Graphic file (type pdf)
<use plots/fig_MNIST-eps-converted-to.pdf>
Package pdftex.def Info: plots/fig_MNIST-eps-converted-to.pdf  used on input line 600. on input line 600.
Package pdftex.def Info: Requested size: 262.04987pt x 133.169pt on input line 600.

Overfull \hbox (9.0pt too wide) in paragraph at lines 600--600
 [][] 
 []

./main.tex:602: Extra }, or forgotten \endgroup.
\@endfloatbox ...pagefalse \outer@nobreak \egroup 
                                                  \color@endbox 
l.602 \end{figure}
                  
I've deleted a group-closing symbol because it seems to be
spurious, as in `$x}$'. But perhaps the } is legitimate and
you forgot something else, as in `\hbox{$x}'. In such cases
the way to recover is to insert both the forgotten and the
deleted material, e.g., by typing `I$}'.

./main.tex:605: Undefined control sequence.
l.605 \tab
           The bar diagrams shown in figure 5 and 6 clearly demonstrate that...
The control sequence at the end of the top line
of your error message was never \def'ed. If you have
misspelled it (e.g., `\hobx'), type `I' and the correct
spelling (e.g., `I\hbox'). Otherwise just continue,
and I'll forget about whatever was undefined.

./main.tex:608: Undefined control sequence.
l.608 \tab
           As it can be seen on figure 7 and 8 of the conclusion section, th...
The control sequence at the end of the top line
of your error message was never \def'ed. If you have
misspelled it (e.g., `\hobx'), type `I' and the correct
spelling (e.g., `I\hbox'). Otherwise just continue,
and I'll forget about whatever was undefined.

./main.tex:610: Undefined control sequence.
l.610 \tab
           The follong figures show the tremendous accuracy and processing t...
The control sequence at the end of the top line
of your error message was never \def'ed. If you have
misspelled it (e.g., `\hobx'), type `I' and the correct
spelling (e.g., `I\hbox'). Otherwise just continue,
and I'll forget about whatever was undefined.

Package epstopdf Info: Source file: <plots/comparison_performance.eps>
(epstopdf)                    date: 2017-12-12 23:04:45
(epstopdf)                    size: 40131 bytes
(epstopdf)             Output file: <plots/comparison_performance-eps-converted-to.pdf>
(epstopdf)                    date: 2017-12-12 23:35:36
(epstopdf)                    size: 8909 bytes
(epstopdf)             Command: <repstopdf --outfile=plots/comparison_performance-eps-converted-to.pdf plots/comparison_performance.eps>
(epstopdf)             \includegraphics on input line 703.
Package epstopdf Info: Output file is already uptodate.
<plots/comparison_performance-eps-converted-to.pdf, id=38, pagebox=cropbox, 1201.48875pt x 652.4375pt>
File: plots/comparison_performance-eps-converted-to.pdf Graphic file (type pdf)
<use plots/comparison_performance-eps-converted-to.pdf>
Package pdftex.def Info: plots/comparison_performance-eps-converted-to.pdf  used on input line 703. on input line 703.
Package pdftex.def Info: Requested size: 262.04987pt x 142.29227pt on input line 703.

Overfull \hbox (9.0pt too wide) in paragraph at lines 703--703
 [][] 
 []

./main.tex:705: Extra }, or forgotten \endgroup.
\@endfloatbox ...pagefalse \outer@nobreak \egroup 
                                                  \color@endbox 
l.705 \end{figure}
                  
I've deleted a group-closing symbol because it seems to be
spurious, as in `$x}$'. But perhaps the } is legitimate and
you forgot something else, as in `\hbox{$x}'. In such cases
the way to recover is to insert both the forgotten and the
deleted material, e.g., by typing `I$}'.

./main.tex:705: You can't use `\vadjust' in vertical mode.
\end@float ...nalty \@floatpenalty \else \vadjust 
                                                  {\penalty -\@Miv \vbox {}\...
l.705 \end{figure}
                  
Sorry, but I'm not programmed to handle this case;
I'll just pretend that you didn't ask for it.
If you're in the wrong mode, you might be able to
return to the right one by typing `I}' or `I$' or `I\par'.


./main.tex:708: LaTeX Error: There's no line here to end.

See the LaTeX manual or LaTeX Companion for explanation.
Type  H <return>  for immediate help.
 ...                                              
                                                  
l.708 \begin
            {figure}[htbp]
Your command was ignored.
Type  I <command> <return>  to replace it with another command,
or  <return>  to continue without it.

Package epstopdf Info: Source file: <plots/comparison_performance_pca.eps>
(epstopdf)                    date: 2017-12-12 23:04:46
(epstopdf)                    size: 40094 bytes
(epstopdf)             Output file: <plots/comparison_performance_pca-eps-converted-to.pdf>
(epstopdf)                    date: 2017-12-12 23:36:36
(epstopdf)                    size: 8776 bytes
(epstopdf)             Command: <repstopdf --outfile=plots/comparison_performance_pca-eps-converted-to.pdf plots/comparison_performance_pca.eps>
(epstopdf)             \includegraphics on input line 710.
Package epstopdf Info: Output file is already uptodate.
<plots/comparison_performance_pca-eps-converted-to.pdf, id=39, pagebox=cropbox, 1194.4625pt x 652.4375pt>
File: plots/comparison_performance_pca-eps-converted-to.pdf Graphic file (type pdf)
<use plots/comparison_performance_pca-eps-converted-to.pdf>
Package pdftex.def Info: plots/comparison_performance_pca-eps-converted-to.pdf  used on input line 710. on input line 710.
Package pdftex.def Info: Requested size: 262.04987pt x 143.13847pt on input line 710.

Overfull \hbox (9.0pt too wide) in paragraph at lines 710--710
 [][] 
 []

./main.tex:712: Extra }, or forgotten \endgroup.
\@endfloatbox ...pagefalse \outer@nobreak \egroup 
                                                  \color@endbox 
l.712 \end{figure}
                  
I've deleted a group-closing symbol because it seems to be
spurious, as in `$x}$'. But perhaps the } is legitimate and
you forgot something else, as in `\hbox{$x}'. In such cases
the way to recover is to insert both the forgotten and the
deleted material, e.g., by typing `I$}'.

./main.tex:717: Undefined control sequence.
l.717 \tab
           If more time was given for this project, it would have been a goo...
The control sequence at the end of the top line
of your error message was never \def'ed. If you have
misspelled it (e.g., `\hobx'), type `I' and the correct
spelling (e.g., `I\hbox'). Otherwise just continue,
and I'll forget about whatever was undefined.

[3 <./mnist_example.png (PNG copy)> <./orl.jpg> <./plots/fig_ORL-eps-converted-to.pdf> <./plots/fig_MNIST-eps-converted-to.pdf>]
./main.tex:782: Undefined control sequence.
\endIEEEbiography ...par =\@IEEEBIOORGparCMD \par 
                                                  \ifnum \prevgraf <\@IEEEtr...
l.782 \end{IEEEbiography}
                         
The control sequence at the end of the top line
of your error message was never \def'ed. If you have
misspelled it (e.g., `\hobx'), type `I' and the correct
spelling (e.g., `I\hbox'). Otherwise just continue,
and I'll forget about whatever was undefined.

./main.tex:782: Undefined control sequence.
\endIEEEbiography ...@IEEEtrantmpdimenA }\fi \par 
                                                  \normalfont 
l.782 \end{IEEEbiography}
                         
The control sequence at the end of the top line
of your error message was never \def'ed. If you have
misspelled it (e.g., `\hobx'), type `I' and the correct
spelling (e.g., `I\hbox'). Otherwise just continue,
and I'll forget about whatever was undefined.


./main.tex:782: LaTeX Error: \begin{document} ended by \end{IEEEbiography}.

See the LaTeX manual or LaTeX Companion for explanation.
Type  H <return>  for immediate help.
 ...                                              
                                                  
l.782 \end{IEEEbiography}
                         
Your command was ignored.
Type  I <command> <return>  to replace it with another command,
or  <return>  to continue without it.

./main.tex:782: Extra \endgroup.
<recently read> \endgroup 
                          
l.782 \end{IEEEbiography}
                         
Things are pretty mixed up, but I think the worst is over.

./main.tex:783: Undefined control sequence.
l.783 
      
The control sequence at the end of the top line
of your error message was never \def'ed. If you have
misspelled it (e.g., `\hobx'), type `I' and the correct
spelling (e.g., `I\hbox'). Otherwise just continue,
and I'll forget about whatever was undefined.

./main.tex:789: Undefined control sequence.
l.789 
      
The control sequence at the end of the top line
of your error message was never \def'ed. If you have
misspelled it (e.g., `\hobx'), type `I' and the correct
spelling (e.g., `I\hbox'). Otherwise just continue,
and I'll forget about whatever was undefined.

./main.tex:791: Undefined control sequence.
l.791 
      
The control sequence at the end of the top line
of your error message was never \def'ed. If you have
misspelled it (e.g., `\hobx'), type `I' and the correct
spelling (e.g., `I\hbox'). Otherwise just continue,
and I'll forget about whatever was undefined.

./main.tex:795: Undefined control sequence.
l.795 
      
The control sequence at the end of the top line
of your error message was never \def'ed. If you have
misspelled it (e.g., `\hobx'), type `I' and the correct
spelling (e.g., `I\hbox'). Otherwise just continue,
and I'll forget about whatever was undefined.

./main.tex:796: Undefined control sequence.
l.796 
      
The control sequence at the end of the top line
of your error message was never \def'ed. If you have
misspelled it (e.g., `\hobx'), type `I' and the correct
spelling (e.g., `I\hbox'). Otherwise just continue,
and I'll forget about whatever was undefined.

./main.tex:797: Undefined control sequence.
l.797 
      
The control sequence at the end of the top line
of your error message was never \def'ed. If you have
misspelled it (e.g., `\hobx'), type `I' and the correct
spelling (e.g., `I\hbox'). Otherwise just continue,
and I'll forget about whatever was undefined.

./main.tex:799: Undefined control sequence.
\newpage ...k \@nobreakfalse \everypar {}\fi \par 
                                                  \ifdim \prevdepth >\z@ \vs...
l.799 \end{document}
                    
The control sequence at the end of the top line
of your error message was never \def'ed. If you have
misspelled it (e.g., `\hobx'), type `I' and the correct
spelling (e.g., `I\hbox'). Otherwise just continue,
and I'll forget about whatever was undefined.

[4

 <./plots/comparison_performance-eps-converted-to.pdf> <./plots/comparison_performance_pca-eps-converted-to.pdf>] (./main.aux) ) 
Here is how much of TeX's memory you used:
 2353 strings out of 492985
 38123 string characters out of 6138637
 99218 words of memory out of 5000000
 5895 multiletter control sequences out of 15000+600000
 35012 words of font info for 66 fonts, out of 8000000 for 9000
 1144 hyphenation exceptions out of 8191
 41i,6n,25p,662b,206s stack positions out of 5000i,500n,10000p,200000b,80000s
{/usr/share/texmf-dist/fonts/enc/dvips/base/8r.enc}</usr/share/texmf-dist/fonts/type1/public/amsfonts/cm/cmbx10.pfb></usr/share/texmf-dist/fonts/type1/public/amsfonts/cm/cmex10.pfb></usr/share/texmf-dist/fonts/type1/public/amsfonts/cm/cmmi10.pfb></usr/share/texmf-dist/fonts/type1/public/amsfonts/cm/cmmi5.pfb></usr/share/texmf-dist/fonts/type1/public/amsfonts/cm/cmmi7.pfb></usr/share/texmf-dist/fonts/type1/public/amsfonts/cm/cmr10.pfb></usr/share/texmf-dist/fonts/type1/public/amsfonts/cm/cmr7.pfb></usr/share/texmf-dist/fonts/type1/public/amsfonts/cm/cmsy10.pfb></usr/share/texmf-dist/fonts/type1/public/amsfonts/cm/cmsy7.pfb></usr/share/texmf-dist/fonts/type1/urw/times/utmb8a.pfb></usr/share/texmf-dist/fonts/type1/urw/times/utmbi8a.pfb></usr/share/texmf-dist/fonts/type1/urw/times/utmr8a.pfb></usr/share/texmf-dist/fonts/type1/urw/times/utmri8a.pfb>
Output written on main.pdf (4 pages, 197236 bytes).
PDF statistics:
 108 PDF objects out of 1000 (max. 8388607)
 74 compressed objects within 1 object stream
 0 named destinations out of 1000 (max. 500000)
 41 words of extra memory for PDF output out of 10000 (max. 10000000)

